D:\科林\C++磊哥\C++跟视频的随堂文件\0524超级玛丽\0524超级玛丽\DEBUG\WINMAIN.OBJ
D:\科林\C++磊哥\C++跟视频的随堂文件\0524超级玛丽\0524超级玛丽\DEBUG\VC110.PDB
D:\科林\C++磊哥\C++跟视频的随堂文件\0524超级玛丽\DEBUG\0524超级玛丽.ILK
D:\科林\C++磊哥\C++跟视频的随堂文件\0524超级玛丽\DEBUG\0524超级玛丽.EXE
D:\科林\C++磊哥\C++跟视频的随堂文件\0524超级玛丽\DEBUG\0524超级玛丽.PDB
D:\科林\C++磊哥\C++跟视频的随堂文件\0524超级玛丽\0524超级玛丽\DEBUG\0524超级玛丽.RES
D:\科林\C++磊哥\C++跟视频的随堂文件\0524超级玛丽\0524超级玛丽\Debug\WinMain.obj
D:\科林\C++磊哥\C++跟视频的随堂文件\0524超级玛丽\0524超级玛丽\Debug\cl.command.1.tlog
D:\科林\C++磊哥\C++跟视频的随堂文件\0524超级玛丽\0524超级玛丽\Debug\CL.read.1.tlog
D:\科林\C++磊哥\C++跟视频的随堂文件\0524超级玛丽\0524超级玛丽\Debug\CL.write.1.tlog
D:\科林\C++磊哥\C++跟视频的随堂文件\0524超级玛丽\0524超级玛丽\Debug\link-cvtres.read.1.tlog
D:\科林\C++磊哥\C++跟视频的随堂文件\0524超级玛丽\0524超级玛丽\Debug\link-cvtres.write.1.tlog
D:\科林\C++磊哥\C++跟视频的随堂文件\0524超级玛丽\0524超级玛丽\Debug\link-rc.read.1.tlog
D:\科林\C++磊哥\C++跟视频的随堂文件\0524超级玛丽\0524超级玛丽\Debug\link-rc.write.1.tlog
D:\科林\C++磊哥\C++跟视频的随堂文件\0524超级玛丽\0524超级玛丽\Debug\link.command.1.tlog
D:\科林\C++磊哥\C++跟视频的随堂文件\0524超级玛丽\0524超级玛丽\Debug\link.read.1.tlog
D:\科林\C++磊哥\C++跟视频的随堂文件\0524超级玛丽\0524超级玛丽\Debug\link.write.1.tlog
D:\科林\C++磊哥\C++跟视频的随堂文件\0524超级玛丽\0524超级玛丽\Debug\rc.command.1.tlog
D:\科林\C++磊哥\C++跟视频的随堂文件\0524超级玛丽\0524超级玛丽\Debug\rc.read.1.tlog
D:\科林\C++磊哥\C++跟视频的随堂文件\0524超级玛丽\0524超级玛丽\Debug\rc.write.1.tlog
D:\科林\C++磊哥\C++跟视频的随堂文件\0524超级玛丽\0524超级玛丽\Debug\0524超级玛丽.res
D:\科林\C++磊哥\C++跟视频的随堂文件\0524超级玛丽\0524超级玛丽\Debug\vc110.idb
D:\科林\C++磊哥\C++跟视频的随堂文件\0524超级玛丽\0524超级玛丽\Debug\vc110.pdb
D:\科林\C++磊哥\C++跟视频的随堂文件\0524超级玛丽\Debug\0524超级玛丽.pdb
D:\科林\C++磊哥\C++跟视频的随堂文件\0524超级玛丽\Debug\0524超级玛丽.exe
D:\科林\C++磊哥\C++跟视频的随堂文件\0524超级玛丽\Debug\0524超级玛丽.ilk
